<?xml version="1.0" encoding="UTF-8"?>
<!-- Generated by org.testng.reporters.JUnitReportReporter -->
<testsuite skipped="0" hostname="lobid-Inspiron-13-7359" name="pageObject.SignInPage" tests="1" failures="0" timestamp="03 Jan 2019 19:15:48 GMT" time="9.520" errors="0">
  <testcase name="SignInPage" time="9.520" classname="pageObject.SignInPage"/>
</testsuite> <!-- pageObject.SignInPage -->
