<?xml version="1.0" encoding="UTF-8"?>
<!-- Generated by org.testng.reporters.JUnitReportReporter -->
<testsuite skipped="0" hostname="lobid-Inspiron-13-7359" name="regrassionTest.CreateAccount" tests="1" failures="0" timestamp="03 Jan 2019 22:44:40 GMT" time="1.782" errors="0">
  <testcase name="createanAccount" time="1.782" classname="regrassionTest.CreateAccount"/>
</testsuite> <!-- regrassionTest.CreateAccount -->
